# JRE version: Java(TM) SE Runtime Environment (8.0_201-b09) (build 1.8.0_201-b09)
# Java VM: Java HotSpot(TM) 64-Bit Server VM (25.201-b09 mixed mode windows-amd64 compressed oops)
Heap:
 PSYoungGen      total 76288K, used 45776K [0x000000076b200000, 0x0000000774700000, 0x00000007c0000000)
  eden space 65536K, 69% used [0x000000076b200000,0x000000076deb41d0,0x000000076f200000)
  from space 10752K, 0% used [0x000000076f200000,0x000000076f200000,0x000000076fc80000)
  to   space 10752K, 0% used [0x0000000773c80000,0x0000000773c80000,0x0000000774700000)
 ParOldGen       total 108544K, used 9579K [0x00000006c1600000, 0x00000006c8000000, 0x000000076b200000)
  object space 108544K, 8% used [0x00000006c1600000,0x00000006c1f5ac90,0x00000006c8000000)
 Metaspace       used 23824K, capacity 24502K, committed 24880K, reserved 1071104K
  class space    used 3054K, capacity 3251K, committed 3376K, reserved 1048576K
GC Heap History (8 events):
Event: 0.295 GC heap before
{Heap before GC invocations=1 (full 0):
 PSYoungGen      total 76288K, used 65536K [0x000000076b200000, 0x0000000770700000, 0x00000007c0000000)
  eden space 65536K, 100% used [0x000000076b200000,0x000000076f200000,0x000000076f200000)
  from space 10752K, 0% used [0x000000076fc80000,0x000000076fc80000,0x0000000770700000)
  to   space 10752K, 0% used [0x000000076f200000,0x000000076f200000,0x000000076fc80000)
 ParOldGen       total 175104K, used 0K [0x00000006c1600000, 0x00000006cc100000, 0x000000076b200000)
  object space 175104K, 0% used [0x00000006c1600000,0x00000006c1600000,0x00000006cc100000)
 Metaspace       used 7330K, capacity 7534K, committed 7680K, reserved 1056768K
  class space    used 845K, capacity 944K, committed 1024K, reserved 1048576K
Event: 0.298 GC heap after
Heap after GC invocations=1 (full 0):
 PSYoungGen      total 76288K, used 4984K [0x000000076b200000, 0x0000000770700000, 0x00000007c0000000)
  eden space 65536K, 0% used [0x000000076b200000,0x000000076b200000,0x000000076f200000)
  from space 10752K, 46% used [0x000000076f200000,0x000000076f6de0a0,0x000000076fc80000)
  to   space 10752K, 0% used [0x000000076fc80000,0x000000076fc80000,0x0000000770700000)
 ParOldGen       total 175104K, used 16K [0x00000006c1600000, 0x00000006cc100000, 0x000000076b200000)
  object space 175104K, 0% used [0x00000006c1600000,0x00000006c1604000,0x00000006cc100000)
 Metaspace       used 7330K, capacity 7534K, committed 7680K, reserved 1056768K
  class space    used 845K, capacity 944K, committed 1024K, reserved 1048576K
}
Event: 0.491 GC heap before
{Heap before GC invocations=2 (full 0):
 PSYoungGen      total 76288K, used 70520K [0x000000076b200000, 0x0000000770700000, 0x00000007c0000000)
  eden space 65536K, 100% used [0x000000076b200000,0x000000076f200000,0x000000076f200000)
  from space 10752K, 46% used [0x000000076f200000,0x000000076f6de0a0,0x000000076fc80000)
  to   space 10752K, 0% used [0x000000076fc80000,0x000000076fc80000,0x0000000770700000)
 ParOldGen       total 175104K, used 16K [0x00000006c1600000, 0x00000006cc100000, 0x000000076b200000)
  object space 175104K, 0% used [0x00000006c1600000,0x00000006c1604000,0x00000006cc100000)
 Metaspace       used 15305K, capacity 15748K, committed 16000K, reserved 1062912K
  class space    used 2004K, capacity 2120K, committed 2176K, reserved 1048576K
Event: 0.496 GC heap after
Heap after GC invocations=2 (full 0):
 PSYoungGen      total 76288K, used 9114K [0x000000076b200000, 0x0000000774700000, 0x00000007c0000000)
  eden space 65536K, 0% used [0x000000076b200000,0x000000076b200000,0x000000076f200000)
  from space 10752K, 84% used [0x000000076fc80000,0x0000000770566ae0,0x0000000770700000)
  to   space 10752K, 0% used [0x000000076f200000,0x000000076f200000,0x000000076fc80000)
 ParOldGen       total 175104K, used 24K [0x00000006c1600000, 0x00000006cc100000, 0x000000076b200000)
  object space 175104K, 0% used [0x00000006c1600000,0x00000006c1606000,0x00000006cc100000)
 Metaspace       used 15305K, capacity 15748K, committed 16000K, reserved 1062912K
  class space    used 2004K, capacity 2120K, committed 2176K, reserved 1048576K
}
Event: 0.606 GC heap before
{Heap before GC invocations=3 (full 0):
 PSYoungGen      total 76288K, used 47770K [0x000000076b200000, 0x0000000774700000, 0x00000007c0000000)
  eden space 65536K, 58% used [0x000000076b200000,0x000000076d7bfe10,0x000000076f200000)
  from space 10752K, 84% used [0x000000076fc80000,0x0000000770566ae0,0x0000000770700000)
  to   space 10752K, 0% used [0x000000076f200000,0x000000076f200000,0x000000076fc80000)
 ParOldGen       total 175104K, used 24K [0x00000006c1600000, 0x00000006cc100000, 0x000000076b200000)
  object space 175104K, 0% used [0x00000006c1600000,0x00000006c1606000,0x00000006cc100000)
 Metaspace       used 20673K, capacity 21190K, committed 21296K, reserved 1067008K
  class space    used 2649K, capacity 2821K, committed 2864K, reserved 1048576K
Event: 0.610 GC heap after
Heap after GC invocations=3 (full 0):
 PSYoungGen      total 76288K, used 10149K [0x000000076b200000, 0x0000000774700000, 0x00000007c0000000)
  eden space 65536K, 0% used [0x000000076b200000,0x000000076b200000,0x000000076f200000)
  from space 10752K, 94% used [0x000000076f200000,0x000000076fbe9480,0x000000076fc80000)
  to   space 10752K, 0% used [0x0000000773c80000,0x0000000773c80000,0x0000000774700000)
 ParOldGen       total 175104K, used 32K [0x00000006c1600000, 0x00000006cc100000, 0x000000076b200000)
  object space 175104K, 0% used [0x00000006c1600000,0x00000006c1608000,0x00000006cc100000)
 Metaspace       used 20673K, capacity 21190K, committed 21296K, reserved 1067008K
  class space    used 2649K, capacity 2821K, committed 2864K, reserved 1048576K
}
Event: 0.610 GC heap before
{Heap before GC invocations=4 (full 1):
 PSYoungGen      total 76288K, used 10149K [0x000000076b200000, 0x0000000774700000, 0x00000007c0000000)
  eden space 65536K, 0% used [0x000000076b200000,0x000000076b200000,0x000000076f200000)
  from space 10752K, 94% used [0x000000076f200000,0x000000076fbe9480,0x000000076fc80000)
  to   space 10752K, 0% used [0x0000000773c80000,0x0000000773c80000,0x0000000774700000)
 ParOldGen       total 175104K, used 32K [0x00000006c1600000, 0x00000006cc100000, 0x000000076b200000)
  object space 175104K, 0% used [0x00000006c1600000,0x00000006c1608000,0x00000006cc100000)
 Metaspace       used 20673K, capacity 21190K, committed 21296K, reserved 1067008K
  class space    used 2649K, capacity 2821K, committed 2864K, reserved 1048576K
Event: 0.625 GC heap after
Heap after GC invocations=4 (full 1):
 PSYoungGen      total 76288K, used 0K [0x000000076b200000, 0x0000000774700000, 0x00000007c0000000)
  eden space 65536K, 0% used [0x000000076b200000,0x000000076b200000,0x000000076f200000)
  from space 10752K, 0% used [0x000000076f200000,0x000000076f200000,0x000000076fc80000)
  to   space 10752K, 0% used [0x0000000773c80000,0x0000000773c80000,0x0000000774700000)
 ParOldGen       total 108544K, used 9579K [0x00000006c1600000, 0x00000006c8000000, 0x000000076b200000)
  object space 108544K, 8% used [0x00000006c1600000,0x00000006c1f5ac90,0x00000006c8000000)
 Metaspace       used 20671K, capacity 21184K, committed 21296K, reserved 1067008K
  class space    used 2649K, capacity 2820K, committed 2864K, reserved 1048576K
}

